<?xml version="1.0" encoding="UTF-8"?>
<robot generator="Robot 7.2.2 (Python 3.13.1 on win32)" generated="2025-02-26T05:01:19.858397" rpa="false" schemaversion="5">
<suite id="s1" name="Test03 Language Dynamic Content" source="C:\Users\tt_pe\Documents\GitHub\Proj_SE\git-group-repository-group-3-sec-4\test\test03_language_dynamic_content.robot">
<test id="s1-t1" name="Test03 - Dynamic Content Language Switch" line="9">
<kw name="Open Browser To Welcome Page" owner="language_switch_resource" type="SETUP">
<kw name="Evaluate" owner="BuiltIn">
<msg time="2025-02-26T05:01:21.290059" level="INFO">${chrome_options} = &lt;selenium.webdriver.chrome.options.Options object at 0x0000019D7E7B2510&gt;</msg>
<var>${chrome_options}</var>
<arg>sys.modules['selenium.webdriver'].ChromeOptions()</arg>
<arg>sys</arg>
<doc>Evaluates the given expression in Python and returns the result.</doc>
<status status="PASS" start="2025-02-26T05:01:21.289484" elapsed="0.000645"/>
</kw>
<kw name="Set Variable" owner="BuiltIn">
<msg time="2025-02-26T05:01:21.290748" level="INFO">${chrome_options.binary_location} = C:\Users\tt_pe\Documents\chrome-win64\chrome-win64\chrome.exe</msg>
<var>${chrome_options.binary_location}</var>
<arg>${CHROME_BROWSER_PATH}</arg>
<doc>Returns the given values which can then be assigned to a variables.</doc>
<status status="PASS" start="2025-02-26T05:01:21.290399" elapsed="0.000402"/>
</kw>
<kw name="Evaluate" owner="BuiltIn">
<msg time="2025-02-26T05:01:21.292627" level="INFO">${service} = &lt;selenium.webdriver.chrome.service.Service object at 0x0000019D7E7B2270&gt;</msg>
<var>${service}</var>
<arg>sys.modules["selenium.webdriver.chrome.service"].Service(executable_path=r"${CHROME_DRIVER_PATH}")</arg>
<doc>Evaluates the given expression in Python and returns the result.</doc>
<status status="PASS" start="2025-02-26T05:01:21.290996" elapsed="0.001806"/>
</kw>
<kw name="Open Browser" owner="SeleniumLibrary">
<msg time="2025-02-26T05:01:21.294252" level="INFO">Opening browser 'chrome' to base url 'http://127.0.0.1:8000'.</msg>
<msg time="2025-02-26T05:01:21.295241" level="INFO">Cannot capture screenshot because no browser is open.</msg>
<msg time="2025-02-26T05:01:21.295462" level="FAIL">NoSuchDriverException: Message: Unable to obtain driver for chrome; For documentation on this error, please visit: https://www.selenium.dev/documentation/webdriver/troubleshooting/errors/driver_location
</msg>
<arg>${WELCOME URL}</arg>
<arg>chrome</arg>
<arg>options=${chrome_options}</arg>
<arg>service=${service}</arg>
<doc>Opens a new browser instance to the optional ``url``.</doc>
<status status="FAIL" start="2025-02-26T05:01:21.293143" elapsed="0.515920">NoSuchDriverException: Message: Unable to obtain driver for chrome; For documentation on this error, please visit: https://www.selenium.dev/documentation/webdriver/troubleshooting/errors/driver_location
</status>
</kw>
<kw name="Maximize Browser Window" owner="SeleniumLibrary">
<doc>Maximizes current browser window.</doc>
<status status="NOT RUN" start="2025-02-26T05:01:21.809355" elapsed="0.000059"/>
</kw>
<status status="FAIL" start="2025-02-26T05:01:21.288307" elapsed="0.521314">NoSuchDriverException: Message: Unable to obtain driver for chrome; For documentation on this error, please visit: https://www.selenium.dev/documentation/webdriver/troubleshooting/errors/driver_location
</status>
</kw>
<kw name="Close Browser" owner="SeleniumLibrary" type="TEARDOWN">
<doc>Closes the current browser.</doc>
<status status="PASS" start="2025-02-26T05:01:21.825717" elapsed="0.000229"/>
</kw>
<doc>ทดสอบการเปลี่ยนภาษาของข้อมูลใหม่ที่เพิ่มเข้ามาบนเว็บ</doc>
<status status="FAIL" start="2025-02-26T05:01:21.283387" elapsed="0.553454">Setup failed:
NoSuchDriverException: Message: Unable to obtain driver for chrome; For documentation on this error, please visit: https://www.selenium.dev/documentation/webdriver/troubleshooting/errors/driver_location
</status>
</test>
<status status="FAIL" start="2025-02-26T05:01:19.860372" elapsed="1.998896"/>
</suite>
<statistics>
<total>
<stat pass="0" fail="1" skip="0">All Tests</stat>
</total>
<tag>
</tag>
<suite>
<stat name="Test03 Language Dynamic Content" id="s1" pass="0" fail="1" skip="0">Test03 Language Dynamic Content</stat>
</suite>
</statistics>
<errors>
<msg time="2025-02-26T05:01:21.278014" level="ERROR">Error in file 'C:\Users\tt_pe\Documents\GitHub\Proj_SE\git-group-repository-group-3-sec-4\test\language_switch_resource.robot' on line 3: Importing library 'WebDriverManager' failed: ModuleNotFoundError: No module named 'WebDriverManager'
Traceback (most recent call last):
  None
PYTHONPATH:
  C:\Users\tt_pe\Documents\GitHub\Proj_SE\git-group-repository-group-3-sec-4\.venv\Scripts\robot.exe
  C:\Users\tt_pe\AppData\Local\Programs\Python\Python313\python313.zip
  C:\Users\tt_pe\AppData\Local\Programs\Python\Python313\DLLs
  C:\Users\tt_pe\AppData\Local\Programs\Python\Python313\Lib
  C:\Users\tt_pe\AppData\Local\Programs\Python\Python313
  c:\Users\tt_pe\Documents\GitHub\Proj_SE\git-group-repository-group-3-sec-4\.venv
  c:\Users\tt_pe\Documents\GitHub\Proj_SE\git-group-repository-group-3-sec-4\.venv\Lib\site-packages</msg>
</errors>
</robot>
